<?xml version="1.0" encoding="UTF-8"?>
<!-- Generated by org.testng.reporters.JUnitReportReporter -->
<testsuite hostname="DESKTOP-P07SJU7" failures="0" tests="1" name="com.booking.AdactinBooking" time="13.646" errors="0" timestamp="2023-06-26T13:47:07 IST" skipped="0">
  <testcase classname="com.booking.AdactinBooking" name="hotelBooking" time="13.646"/>
</testsuite> <!-- com.booking.AdactinBooking -->
