<?xml version="1.0" encoding="UTF-8"?>
<!-- Generated by org.testng.reporters.JUnitReportReporter -->
<testsuite hostname="DESKTOP-P07SJU7" failures="0" tests="1" name="Sample" time="0.008" errors="0" timestamp="2023-06-23T23:43:46 IST" skipped="0">
  <testcase classname="Sample" name="test" time="0.008"/>
</testsuite> <!-- Sample -->
