<?xml version="1.0" encoding="UTF-8"?>
<!-- Generated by org.testng.reporters.JUnitReportReporter -->
<testsuite hostname="DESKTOP-P07SJU7" failures="0" tests="4" name="org.base.Priority" time="0.011" errors="0" timestamp="2023-06-24T00:02:27 IST" skipped="0">
  <testcase classname="org.base.Priority" name="test" time="0.005"/>
  <testcase classname="org.base.Priority" name="test1" time="0.003"/>
  <testcase classname="org.base.Priority" name="test3" time="0.001"/>
  <testcase classname="org.base.Priority" name="test2" time="0.002"/>
</testsuite> <!-- org.base.Priority -->
