<?xml version="1.0" encoding="UTF-8"?>
<!-- Generated by org.testng.reporters.JUnitReportReporter -->
<testsuite hostname="DESKTOP-P07SJU7" failures="0" tests="4" name="org.base.Enabled" time="0.008" errors="0" timestamp="2023-06-24T00:12:06 IST" skipped="1">
  <testcase classname="org.base.Enabled" name="test1" time="0.005"/>
  <testcase classname="org.base.Enabled" name="test3" time="0.002"/>
  <testcase classname="org.base.Enabled" name="test2" time="0.001"/>
  <testcase classname="org.base.Enabled" name="test">
    <skipped/>
  </testcase> <!-- test -->
</testsuite> <!-- org.base.Enabled -->
